2023-08-11 14:11:06,942 [INFO] Activator:178 - 


2023-08-11 14:11:06,944 [INFO] Activator:179 - !SESSION log4j initialized
2023-08-11 14:11:40,586 [INFO] ApplicationProperties:181 - Using Application install path: C:\ST\STM32CubeIDE_1.4.0\STM32CubeIDE\plugins\com.st.stm32cube.common.mx_6.0.0.202007160824
2023-08-11 14:11:40,595 [INFO] DbMcusXml:70 - Set database path to: C:\ST\STM32CubeIDE_1.4.0\STM32CubeIDE\plugins\com.st.stm32cube.common.mx_6.0.0.202007160824\\db\/mcu/
2023-08-11 14:11:40,598 [INFO] DbBoardsPdsc:56 - Set plugin database path to: C:\ST\STM32CubeIDE_1.4.0\STM32CubeIDE\plugins\com.st.stm32cube.common.mx_6.0.0.202007160824\\db\/plugins/boardmanager/
2023-08-11 14:11:40,598 [INFO] DbMcus:258 - Set plugin images path to: C:\ST\STM32CubeIDE_1.4.0\STM32CubeIDE\plugins\com.st.stm32cube.common.mx_6.0.0.202007160824\\db\/plugins/mcufinder/images/
2023-08-11 14:11:40,598 [INFO] DbBoards:264 - Set plugin images path to: C:\ST\STM32CubeIDE_1.4.0\STM32CubeIDE\plugins\com.st.stm32cube.common.mx_6.0.0.202007160824\\db\/plugins/mcufinder/images/
2023-08-11 14:11:40,600 [INFO] DbExamples:326 - Set plugin images path to: C:\ST\STM32CubeIDE_1.4.0\STM32CubeIDE\plugins\com.st.stm32cube.common.mx_6.0.0.202007160824\\db\/plugins/mcufinder/images/
2023-08-11 14:11:40,604 [INFO] DbMcusDocs:112 - Set database path to: C:\Users\XPRISTO\.stmcufinder\plugins\mcufinder//mcu/
2023-08-11 14:11:40,605 [INFO] DbMcusJson:63 - Set database path to: C:\Users\XPRISTO\.stmcufinder\plugins\mcufinder//mcu/
2023-08-11 14:11:40,606 [INFO] DbBoardsDocs:112 - Set database path to: C:\Users\XPRISTO\.stmcufinder\plugins\mcufinder//mcu/
2023-08-11 14:11:40,606 [INFO] DbBoardsJson:56 - Set database path to: C:\Users\XPRISTO\.stmcufinder\plugins\mcufinder//mcu/
2023-08-11 14:11:40,847 [INFO] CrossReferenceDbSqlite:196 - Set database path to: C:\Users\XPRISTO\.stmcufinder\plugins\mcufinder//mcu/cs/
2023-08-11 14:11:40,854 [INFO] DbExamplesSqlite:800 - Set database path to: C:\Users\XPRISTO\.stmcufinder\plugins\mcufinder//mcu/
2023-08-11 14:11:40,933 [INFO] RulesReader:52 - Compatibility file has been processed (209 Rules)
2023-08-11 14:11:41,002 [INFO] MicroXplorer:564 - Detected Java Version = 1.8.0_252
2023-08-11 14:11:41,002 [INFO] DbMcusXml:70 - Set database path to: C:\ST\STM32CubeIDE_1.4.0\STM32CubeIDE\plugins\com.st.stm32cube.common.mx_6.0.0.202007160824\\db\/mcu/
2023-08-11 14:11:41,003 [INFO] DbBoardsPdsc:56 - Set plugin database path to: C:\ST\STM32CubeIDE_1.4.0\STM32CubeIDE\plugins\com.st.stm32cube.common.mx_6.0.0.202007160824\\db\/plugins/boardmanager/
2023-08-11 14:11:41,003 [INFO] DbMcus:258 - Set plugin images path to: C:\ST\STM32CubeIDE_1.4.0\STM32CubeIDE\plugins\com.st.stm32cube.common.mx_6.0.0.202007160824\\db\/plugins/mcufinder/images/
2023-08-11 14:11:41,003 [INFO] DbBoards:264 - Set plugin images path to: C:\ST\STM32CubeIDE_1.4.0\STM32CubeIDE\plugins\com.st.stm32cube.common.mx_6.0.0.202007160824\\db\/plugins/mcufinder/images/
2023-08-11 14:11:41,003 [INFO] DbExamples:326 - Set plugin images path to: C:\ST\STM32CubeIDE_1.4.0\STM32CubeIDE\plugins\com.st.stm32cube.common.mx_6.0.0.202007160824\\db\/plugins/mcufinder/images/
2023-08-11 14:11:41,004 [WARN] DbFile:36 - Overriding database path with different value: C:\Users\XPRISTO\.stmcufinder\plugins\mcufinder/ => C:\Users\XPRISTO\.stmcufinder\plugins\mcufinder
2023-08-11 14:11:41,004 [INFO] DbMcusDocs:112 - Set database path to: C:\Users\XPRISTO\.stmcufinder\plugins\mcufinder//mcu/
2023-08-11 14:11:41,004 [WARN] DbFile:36 - Overriding database path with different value: C:\Users\XPRISTO\.stmcufinder\plugins\mcufinder/ => C:\Users\XPRISTO\.stmcufinder\plugins\mcufinder
2023-08-11 14:11:41,004 [INFO] DbMcusJson:63 - Set database path to: C:\Users\XPRISTO\.stmcufinder\plugins\mcufinder//mcu/
2023-08-11 14:11:41,004 [WARN] DbFile:36 - Overriding database path with different value: C:\Users\XPRISTO\.stmcufinder\plugins\mcufinder/ => C:\Users\XPRISTO\.stmcufinder\plugins\mcufinder
2023-08-11 14:11:41,004 [INFO] DbBoardsDocs:112 - Set database path to: C:\Users\XPRISTO\.stmcufinder\plugins\mcufinder//mcu/
2023-08-11 14:11:41,004 [WARN] DbFile:36 - Overriding database path with different value: C:\Users\XPRISTO\.stmcufinder\plugins\mcufinder/ => C:\Users\XPRISTO\.stmcufinder\plugins\mcufinder
2023-08-11 14:11:41,004 [INFO] DbBoardsJson:56 - Set database path to: C:\Users\XPRISTO\.stmcufinder\plugins\mcufinder//mcu/
2023-08-11 14:11:41,004 [WARN] DbFile:36 - Overriding database path with different value: C:\Users\XPRISTO\.stmcufinder\plugins\mcufinder/ => C:\Users\XPRISTO\.stmcufinder\plugins\mcufinder
2023-08-11 14:11:41,004 [WARN] DbFile:36 - Overriding database path with different value: C:\Users\XPRISTO\.stmcufinder\plugins\mcufinder/ => C:\Users\XPRISTO\.stmcufinder\plugins\mcufinder
2023-08-11 14:11:41,004 [INFO] CrossReferenceDbSqlite:196 - Set database path to: C:\Users\XPRISTO\.stmcufinder\plugins\mcufinder//mcu/cs/
2023-08-11 14:11:41,005 [WARN] DbFile:36 - Overriding database path with different value: C:\Users\XPRISTO\.stmcufinder\plugins\mcufinder/ => C:\Users\XPRISTO\.stmcufinder\plugins\mcufinder
2023-08-11 14:11:41,005 [INFO] DbExamplesSqlite:800 - Set database path to: C:\Users\XPRISTO\.stmcufinder\plugins\mcufinder//mcu/
2023-08-11 14:11:41,058 [INFO] MainPanel:189 - HeapMemory: 389021696
2023-08-11 14:11:41,104 [INFO] DbMcusXml:70 - Set database path to: C:\ST\STM32CubeIDE_1.4.0\STM32CubeIDE\plugins\com.st.stm32cube.common.mx_6.0.0.202007160824\\db\/mcu/
2023-08-11 14:11:41,104 [INFO] DbBoardsPdsc:56 - Set plugin database path to: C:\ST\STM32CubeIDE_1.4.0\STM32CubeIDE\plugins\com.st.stm32cube.common.mx_6.0.0.202007160824\\db\/plugins/boardmanager/
2023-08-11 14:11:41,105 [INFO] DbMcus:258 - Set plugin images path to: C:\ST\STM32CubeIDE_1.4.0\STM32CubeIDE\plugins\com.st.stm32cube.common.mx_6.0.0.202007160824\\db\/plugins/mcufinder/images/
2023-08-11 14:11:41,105 [INFO] DbBoards:264 - Set plugin images path to: C:\ST\STM32CubeIDE_1.4.0\STM32CubeIDE\plugins\com.st.stm32cube.common.mx_6.0.0.202007160824\\db\/plugins/mcufinder/images/
2023-08-11 14:11:41,105 [INFO] DbExamples:326 - Set plugin images path to: C:\ST\STM32CubeIDE_1.4.0\STM32CubeIDE\plugins\com.st.stm32cube.common.mx_6.0.0.202007160824\\db\/plugins/mcufinder/images/
2023-08-11 14:11:41,106 [WARN] DbFile:36 - Overriding database path with different value: C:\Users\XPRISTO\.stmcufinder\plugins\mcufinder/ => C:\Users\XPRISTO\.stmcufinder\plugins\mcufinder
2023-08-11 14:11:41,106 [INFO] DbMcusDocs:112 - Set database path to: C:\Users\XPRISTO\.stmcufinder\plugins\mcufinder//mcu/
2023-08-11 14:11:41,106 [WARN] DbFile:36 - Overriding database path with different value: C:\Users\XPRISTO\.stmcufinder\plugins\mcufinder/ => C:\Users\XPRISTO\.stmcufinder\plugins\mcufinder
2023-08-11 14:11:41,106 [INFO] DbMcusJson:63 - Set database path to: C:\Users\XPRISTO\.stmcufinder\plugins\mcufinder//mcu/
2023-08-11 14:11:41,106 [WARN] DbFile:36 - Overriding database path with different value: C:\Users\XPRISTO\.stmcufinder\plugins\mcufinder/ => C:\Users\XPRISTO\.stmcufinder\plugins\mcufinder
2023-08-11 14:11:41,106 [INFO] DbBoardsDocs:112 - Set database path to: C:\Users\XPRISTO\.stmcufinder\plugins\mcufinder//mcu/
2023-08-11 14:11:41,107 [WARN] DbFile:36 - Overriding database path with different value: C:\Users\XPRISTO\.stmcufinder\plugins\mcufinder/ => C:\Users\XPRISTO\.stmcufinder\plugins\mcufinder
2023-08-11 14:11:41,107 [INFO] DbBoardsJson:56 - Set database path to: C:\Users\XPRISTO\.stmcufinder\plugins\mcufinder//mcu/
2023-08-11 14:11:41,107 [WARN] DbFile:36 - Overriding database path with different value: C:\Users\XPRISTO\.stmcufinder\plugins\mcufinder/ => C:\Users\XPRISTO\.stmcufinder\plugins\mcufinder
2023-08-11 14:11:41,107 [WARN] DbFile:36 - Overriding database path with different value: C:\Users\XPRISTO\.stmcufinder\plugins\mcufinder/ => C:\Users\XPRISTO\.stmcufinder\plugins\mcufinder
2023-08-11 14:11:41,107 [INFO] CrossReferenceDbSqlite:196 - Set database path to: C:\Users\XPRISTO\.stmcufinder\plugins\mcufinder//mcu/cs/
2023-08-11 14:11:41,107 [WARN] DbFile:36 - Overriding database path with different value: C:\Users\XPRISTO\.stmcufinder\plugins\mcufinder/ => C:\Users\XPRISTO\.stmcufinder\plugins\mcufinder
2023-08-11 14:11:41,107 [INFO] DbExamplesSqlite:800 - Set database path to: C:\Users\XPRISTO\.stmcufinder\plugins\mcufinder//mcu/
2023-08-11 14:11:41,123 [INFO] ApplicationProperties:181 - Using Application install path: C:\ST\STM32CubeIDE_1.4.0\STM32CubeIDE\plugins\com.st.stm32cube.common.mx_6.0.0.202007160824
2023-08-11 14:11:41,124 [INFO] PluginManage:178 - Search for loadable plugins [exclusion list=, ]
2023-08-11 14:11:41,126 [INFO] PluginManage:292 - Check plugin analytics
2023-08-11 14:11:41,308 [INFO] AnalyticsPlugin:203 - Accepted Software Licenses: 
2023-08-11 14:11:41,309 [INFO] AnalyticsPlugin:205 - Accepted CMSIS Pack Licenses: 
2023-08-11 14:11:41,310 [INFO] AnalyticsPlugin:207 - Accepted Firmware Licenses: 
2023-08-11 14:11:41,310 [INFO] PluginManage:342 - Loaded plugin analytics (category:tool,tabindex:-1)
2023-08-11 14:11:41,310 [INFO] PluginManage:292 - Check plugin clock
2023-08-11 14:11:41,323 [INFO] PluginManage:342 - Loaded plugin clock (category:base,tabindex:2)
2023-08-11 14:11:41,323 [INFO] PluginManage:292 - Check plugin ddr
2023-08-11 14:11:41,325 [INFO] PluginManage:342 - Loaded plugin ddr (category:tool,tabindex:6)
2023-08-11 14:11:41,326 [INFO] PluginManage:292 - Check plugin filemanager
2023-08-11 14:11:41,468 [INFO] PluginManage:342 - Loaded plugin filemanager (category:base,tabindex:10)
2023-08-11 14:11:41,469 [INFO] PluginManage:292 - Check plugin ipmanager
2023-08-11 14:11:41,474 [INFO] PluginManage:342 - Loaded plugin ipmanager (category:base,tabindex:5)
2023-08-11 14:11:41,474 [INFO] PluginManage:292 - Check plugin pinoutandconfiguration
2023-08-11 14:11:41,485 [INFO] PluginManage:342 - Loaded plugin pinoutandconfiguration (category:base,tabindex:1)
2023-08-11 14:11:41,485 [INFO] PluginManage:292 - Check plugin pinoutconfig
2023-08-11 14:11:41,511 [INFO] PluginManage:342 - Loaded plugin pinoutconfig (category:base,tabindex:0)
2023-08-11 14:11:41,512 [INFO] PluginManage:292 - Check plugin power
2023-08-11 14:11:41,520 [INFO] PluginManage:342 - Loaded plugin power (category:power,tabindex:4)
2023-08-11 14:11:41,521 [INFO] PluginManage:292 - Check plugin projectmanager
2023-08-11 14:11:41,534 [INFO] PluginManage:342 - Loaded plugin projectmanager (category:projectmanager,tabindex:3)
2023-08-11 14:11:41,534 [INFO] PluginManage:292 - Check plugin thirdparty
2023-08-11 14:11:41,654 [INFO] ThirdPartyDb:333 - Open Third Party DataBase File (C:/Users/XPRISTO/.stm32cubemx/plugins/thirdparty/db/thirdparties_db.xml) : 64 ms. number of Sw pack : 55
2023-08-11 14:11:41,688 [INFO] PluginManage:342 - Loaded plugin thirdparty (category:base,tabindex:-1)
2023-08-11 14:11:41,689 [INFO] PluginManage:292 - Check plugin tools
2023-08-11 14:11:41,708 [INFO] PluginManage:342 - Loaded plugin tools (category:base,tabindex:7)
2023-08-11 14:11:41,708 [INFO] PluginManage:292 - Check plugin tutovideos
2023-08-11 14:11:41,872 [INFO] PluginManage:342 - Loaded plugin tutovideos (category:base,tabindex:-1)
2023-08-11 14:11:41,872 [INFO] PluginManage:292 - Check plugin updater
2023-08-11 14:11:41,881 [INFO] PluginManage:342 - Loaded plugin updater (category:base,tabindex:12)
2023-08-11 14:11:41,883 [INFO] PluginManage:265 - PluginManage : Loaded plugins [13]
2023-08-11 14:11:42,004 [INFO] PinOutPanel:1418 - setPackage(No Configuration,No Configuration)
2023-08-11 14:11:42,078 [INFO] IPUIPlugin:64 - create IPUIPlugin
2023-08-11 14:11:42,078 [INFO] PluginManager:200 - loadIPPluginJar : add adc
2023-08-11 14:11:42,080 [INFO] IPUIPlugin:64 - create IPUIPlugin
2023-08-11 14:11:42,081 [INFO] PluginManager:200 - loadIPPluginJar : add aes
2023-08-11 14:11:42,083 [INFO] IPUIPlugin:64 - create IPUIPlugin
2023-08-11 14:11:42,083 [INFO] PluginManager:200 - loadIPPluginJar : add can
2023-08-11 14:11:42,084 [INFO] IPUIPlugin:64 - create IPUIPlugin
2023-08-11 14:11:42,084 [INFO] PluginManager:200 - loadIPPluginJar : add comp
2023-08-11 14:11:42,086 [INFO] IPUIPlugin:64 - create IPUIPlugin
2023-08-11 14:11:42,087 [INFO] PluginManager:200 - loadIPPluginJar : add cryp
2023-08-11 14:11:42,089 [INFO] IPUIPlugin:64 - create IPUIPlugin
2023-08-11 14:11:42,089 [INFO] PluginManager:200 - loadIPPluginJar : add dfsdm
2023-08-11 14:11:42,094 [INFO] IPUIPlugin:64 - create IPUIPlugin
2023-08-11 14:11:42,095 [INFO] PluginManager:200 - loadIPPluginJar : add dma
2023-08-11 14:11:42,096 [INFO] IPUIPlugin:64 - create IPUIPlugin
2023-08-11 14:11:42,096 [INFO] PluginManager:200 - loadIPPluginJar : add fatfs
2023-08-11 14:11:42,101 [INFO] IPUIPlugin:64 - create IPUIPlugin
2023-08-11 14:11:42,101 [INFO] PluginManager:200 - loadIPPluginJar : add fmc
2023-08-11 14:11:42,107 [INFO] IPUIPlugin:64 - create IPUIPlugin
2023-08-11 14:11:42,108 [INFO] PluginManager:200 - loadIPPluginJar : add freertos
2023-08-11 14:11:42,110 [INFO] IPUIPlugin:64 - create IPUIPlugin
2023-08-11 14:11:42,110 [INFO] PluginManager:200 - loadIPPluginJar : add genericplugin
2023-08-11 14:11:42,112 [INFO] IPUIPlugin:64 - create IPUIPlugin
2023-08-11 14:11:42,112 [INFO] PluginManager:200 - loadIPPluginJar : add gfxmmu
2023-08-11 14:11:42,118 [INFO] IPUIPlugin:64 - create IPUIPlugin
2023-08-11 14:11:42,118 [INFO] PluginManager:200 - loadIPPluginJar : add gic
2023-08-11 14:11:42,122 [INFO] IPUIPlugin:64 - create IPUIPlugin
2023-08-11 14:11:42,122 [INFO] PluginManager:200 - loadIPPluginJar : add gpio
2023-08-11 14:11:42,124 [INFO] IPUIPlugin:64 - create IPUIPlugin
2023-08-11 14:11:42,124 [INFO] PluginManager:200 - loadIPPluginJar : add gtzc
2023-08-11 14:11:42,126 [INFO] IPUIPlugin:64 - create IPUIPlugin
2023-08-11 14:11:42,127 [INFO] PluginManager:200 - loadIPPluginJar : add hash
2023-08-11 14:11:42,129 [INFO] IPUIPlugin:64 - create IPUIPlugin
2023-08-11 14:11:42,129 [INFO] PluginManager:200 - loadIPPluginJar : add i2c
2023-08-11 14:11:42,131 [INFO] IPUIPlugin:64 - create IPUIPlugin
2023-08-11 14:11:42,131 [INFO] PluginManager:200 - loadIPPluginJar : add i2s
2023-08-11 14:11:42,134 [INFO] IPUIPlugin:64 - create IPUIPlugin
2023-08-11 14:11:42,134 [INFO] PluginManager:200 - loadIPPluginJar : add ipddr
2023-08-11 14:11:42,135 [INFO] IPUIPlugin:64 - create IPUIPlugin
2023-08-11 14:11:42,135 [INFO] PluginManager:200 - loadIPPluginJar : add ltdc
2023-08-11 14:11:42,138 [INFO] IPUIPlugin:64 - create IPUIPlugin
2023-08-11 14:11:42,138 [INFO] PluginManager:200 - loadIPPluginJar : add mdma
2023-08-11 14:11:42,140 [INFO] IPUIPlugin:64 - create IPUIPlugin
2023-08-11 14:11:42,141 [INFO] PluginManager:200 - loadIPPluginJar : add nvic
2023-08-11 14:11:42,143 [INFO] IPUIPlugin:64 - create IPUIPlugin
2023-08-11 14:11:42,143 [INFO] PluginManager:200 - loadIPPluginJar : add opamp
2023-08-11 14:11:42,146 [INFO] IPUIPlugin:64 - create IPUIPlugin
2023-08-11 14:11:42,146 [INFO] PluginManager:200 - loadIPPluginJar : add openamp
2023-08-11 14:11:42,148 [INFO] IPUIPlugin:64 - create IPUIPlugin
2023-08-11 14:11:42,148 [INFO] PluginManager:200 - loadIPPluginJar : add pdm2pcm
2023-08-11 14:11:42,153 [INFO] IPUIPlugin:64 - create IPUIPlugin
2023-08-11 14:11:42,155 [INFO] PluginManager:200 - loadIPPluginJar : add plateformsettings
2023-08-11 14:11:42,156 [INFO] IPUIPlugin:64 - create IPUIPlugin
2023-08-11 14:11:42,156 [INFO] PluginManager:200 - loadIPPluginJar : add quadspi
2023-08-11 14:11:42,159 [INFO] IPUIPlugin:64 - create IPUIPlugin
2023-08-11 14:11:42,159 [INFO] PluginManager:200 - loadIPPluginJar : add resmgrutility
2023-08-11 14:11:42,161 [INFO] IPUIPlugin:64 - create IPUIPlugin
2023-08-11 14:11:42,162 [INFO] PluginManager:200 - loadIPPluginJar : add sai
2023-08-11 14:11:42,163 [INFO] IPUIPlugin:64 - create IPUIPlugin
2023-08-11 14:11:42,163 [INFO] PluginManager:200 - loadIPPluginJar : add spi
2023-08-11 14:11:42,166 [INFO] IPUIPlugin:64 - create IPUIPlugin
2023-08-11 14:11:42,166 [INFO] PluginManager:200 - loadIPPluginJar : add stm32_wpan
2023-08-11 14:11:42,167 [INFO] IPUIPlugin:64 - create IPUIPlugin
2023-08-11 14:11:42,167 [INFO] PluginManager:200 - loadIPPluginJar : add tim
2023-08-11 14:11:42,170 [INFO] IPUIPlugin:64 - create IPUIPlugin
2023-08-11 14:11:42,170 [INFO] PluginManager:200 - loadIPPluginJar : add touchsensing
2023-08-11 14:11:42,171 [INFO] IPUIPlugin:64 - create IPUIPlugin
2023-08-11 14:11:42,172 [INFO] PluginManager:200 - loadIPPluginJar : add tracer_emb
2023-08-11 14:11:42,173 [INFO] IPUIPlugin:64 - create IPUIPlugin
2023-08-11 14:11:42,173 [INFO] PluginManager:200 - loadIPPluginJar : add ts
2023-08-11 14:11:42,174 [INFO] IPUIPlugin:64 - create IPUIPlugin
2023-08-11 14:11:42,175 [INFO] PluginManager:200 - loadIPPluginJar : add tsc
2023-08-11 14:11:42,176 [INFO] IPUIPlugin:64 - create IPUIPlugin
2023-08-11 14:11:42,176 [INFO] PluginManager:200 - loadIPPluginJar : add ucpd
2023-08-11 14:11:42,178 [INFO] IPUIPlugin:64 - create IPUIPlugin
2023-08-11 14:11:42,178 [INFO] PluginManager:200 - loadIPPluginJar : add usart
2023-08-11 14:11:42,586 [INFO] CubeProgrammer:457 - [DDR PANEL] - PathOfProgrammer: null
2023-08-11 14:11:43,116 [FATAL] Updater:282 - Updater called before beeing initialized
2023-08-11 14:11:43,282 [FATAL] Updater:282 - Updater called before beeing initialized
2023-08-11 14:11:43,282 [WARN] ThirdParty:775 - waiting for thirdparty lock release [close project]
2023-08-11 14:11:43,282 [INFO] ThirdParty:777 - entering critical section [close project]
2023-08-11 14:11:43,283 [INFO] ThirdParty:790 - exiting critical section [close project]
2023-08-11 14:11:43,287 [INFO] PinOutPanel:1418 - setPackage(No Configuration,No Configuration)
2023-08-11 14:11:43,287 [FATAL] Updater:282 - Updater called before beeing initialized
2023-08-11 14:11:43,293 [ERROR] Updater:967 - MainUpdater not yet initialized. External WinMGr cannot be set.
2023-08-11 14:11:43,294 [INFO] CubeProgrammer:457 - [DDR PANEL] - PathOfProgrammer: C:\ST\STM32CubeIDE_1.4.0\STM32CubeIDE\plugins\com.st.stm32cube.ide.mcu.externaltools.cubeprogrammer.win32_1.4.0.202007081208\tools\bin
2023-08-11 14:11:43,298 [INFO] ProgrammerExecThread:148 - [ProgrammerAPI] CubeProgrammer command construction: C:\ST\STM32CubeIDE_1.4.0\STM32CubeIDE\plugins\com.st.stm32cube.ide.mcu.externaltools.cubeprogrammer.win32_1.4.0.202007081208\tools\bin\STM32_Programmer_CLI.exe -l
2023-08-11 14:11:43,405 [INFO] MainDdrPanel:49 - [DDR PANEL] SETTER - Set cubeProgrammerPath to: C:\ST\STM32CubeIDE_1.4.0\STM32CubeIDE\plugins\com.st.stm32cube.ide.mcu.externaltools.cubeprogrammer.win32_1.4.0.202007081208\tools\bin
2023-08-11 14:11:43,423 [INFO] Updater:904 - Updater Version found : 6.0.0
2023-08-11 14:11:43,440 [INFO] ApplicationProperties:181 - Using Application install path: C:\ST\STM32CubeIDE_1.4.0\STM32CubeIDE\plugins\com.st.stm32cube.common.mx_6.0.0.202007160824
2023-08-11 14:11:43,842 [INFO] MainUpdater:2268 - connection check result : 10
2023-08-11 14:11:43,843 [INFO] MainUpdater:239 - Updater Check For Update Now.
2023-08-11 14:11:43,843 [INFO] MicroXplorer:414 - Change Database Version : DB.6.0.0
2023-08-11 14:11:43,896 [INFO] CheckServerUpdateThread:102 - End of CheckServer Thread
2023-08-11 14:11:43,962 [INFO] MainUpdater:2268 - connection check result : 10
2023-08-11 14:11:44,183 [INFO] McuFinderGlobals:40 - Set McuFinder mode to 2 (CubeIDE integrated)
2023-08-11 14:11:44,273 [INFO] CrossSelectorPresenter:1330 - Cross Selector saved comparison directory: C:\Users\XPRISTO\.stmcufinder\plugins\mcufinder\mcu\cs_comparisons_mx
2023-08-11 14:11:44,278 [INFO] MultiScanPanel:193 - Auto-refresh data requested => check proxy status ongoing
2023-08-11 14:11:44,280 [INFO] FinderPluginLoader:87 - Searching for filters in installed packs
2023-08-11 14:11:44,281 [INFO] DbMcusXml:100 - Load MCU database from C:\ST\STM32CubeIDE_1.4.0\STM32CubeIDE\plugins\com.st.stm32cube.common.mx_6.0.0.202007160824\\db\/mcu/families.xml
2023-08-11 14:11:44,703 [WARN] IntegrityCheckThread:61 - waiting for thirdparty lock release [integrity check]
2023-08-11 14:11:44,703 [INFO] IntegrityCheckThread:63 - entering critical section [integrity check]
2023-08-11 14:11:44,996 [INFO] DbMcusJson:92 - JSON generation date=Tue Nov 16 18:17:54 EET 2021 (1637079474)
2023-08-11 14:11:45,591 [INFO] ThirdPartyDb:299 - Save Third Party DataBase File (C:/Users/XPRISTO/.stm32cubemx/plugins/thirdparty/db/thirdparties_db.xml) [forced]
2023-08-11 14:11:45,751 [INFO] ThirdPartyDb:299 - Save Third Party DataBase File (C:/Users/XPRISTO/.stm32cubemx/plugins/thirdparty/db/thirdparties_db.xml) [forced]
2023-08-11 14:11:45,832 [INFO] IntegrityCheckThread:76 - exiting critical section [integrity check]
2023-08-11 14:11:45,832 [INFO] IntegrityCheckThread:79 - End integrity checks thread
2023-08-11 14:11:46,235 [INFO] DbMcus:175 - Found 1761 MCUs (1722 are supported by CubeMX, 1911 are visible in CubeMX)
2023-08-11 14:11:46,236 [INFO] ApiDb:201 - Load user favorites file C:\Users\XPRISTO/.stm32cubeide/favorites.mcus.txt: 0 item(s)
2023-08-11 14:11:46,237 [INFO] ApiDb:205 - User favorites MCUs=[]
2023-08-11 14:11:46,237 [INFO] DbMcus:187 - Set 0 / 0 favorites MCUs
2023-08-11 14:11:46,899 [INFO] LoadUrlFilesThread:162 - End of LoadServerUrlFiles without Thread
2023-08-11 14:11:46,932 [INFO] DetailPanel:331 - Set advertising image to C:/Users/XPRISTO/STM32Cube/Repository/\stm32cubemx-promo_image.jpg
2023-08-11 14:11:47,461 [INFO] McuFilterPanel:245 - Update 0 favorites MCUs
2023-08-11 14:11:47,574 [INFO] DbBoardsPdsc:94 - Found 23 items
2023-08-11 14:11:47,577 [INFO] DbBoardsPdsc:94 - Found 9 items
2023-08-11 14:11:47,582 [INFO] DbBoardsPdsc:94 - Found 29 items
2023-08-11 14:11:47,584 [INFO] DbBoardsPdsc:94 - Found 1 items
2023-08-11 14:11:47,592 [INFO] DbBoardsPdsc:94 - Found 44 items
2023-08-11 14:11:47,601 [INFO] DbBoardsPdsc:94 - Found 40 items
2023-08-11 14:11:47,604 [INFO] DbBoardsPdsc:94 - Found 2 items
2023-08-11 14:11:47,607 [INFO] DbBoardsPdsc:94 - Found 4 items
2023-08-11 14:11:47,617 [WARN] DbBoardsPdsc:258 - Board STM32H7B3I-DK: unknown feature type=Audio, name=, username=Audio stereo codec with Headphone Amp (CS42L51-CNZ), n=1
2023-08-11 14:11:47,618 [WARN] DbBoardsPdsc:258 - Board STM32H735G-DK: unknown feature type=Audio, name=, username=Audio stereo codec with Headphone Amp (WM8994ECS/R), n=1
2023-08-11 14:11:47,621 [WARN] DbBoardsPdsc:258 - Board STM32H7B3I-EVAL: unknown feature type=Audio, name=, username=Multi-Channel Audio Codec (CS42L51-CNZ), n=1
2023-08-11 14:11:47,621 [WARN] DbBoardsPdsc:258 - Board STM32H7B3I-EVAL: unknown feature type=Meter, name=, username=Power-metering and Temperature-monitoring with sigma-delta modulators, n=1
2023-08-11 14:11:47,621 [WARN] DbBoardsPdsc:258 - Board STM32H7B3I-EVAL: unknown feature type=Motor, name=, username=Motor Control, n=1
2023-08-11 14:11:47,645 [INFO] DbBoardsJson:85 - JSON generation date=Tue Nov 16 18:17:54 EET 2021 (1637079474)
2023-08-11 14:11:47,655 [INFO] DbBoards:117 - Found 166 boards (149 are supported by CubeMX)
2023-08-11 14:11:47,658 [INFO] DbBoardsDocs:145 - JSON generation date=Tue Nov 16 18:17:54 EET 2021 (1637079474)
2023-08-11 14:11:47,666 [INFO] DbBoardsDocs:81 - Found 209 boards documents
2023-08-11 14:11:47,667 [WARN] DbBoards:127 - board B-L475E-IOT01A2 has no document id list !
2023-08-11 14:11:47,670 [WARN] DbBoards:127 - board NUCLEO-H743ZI has no document id list !
2023-08-11 14:11:47,673 [WARN] DbBoards:127 - board P-NUCLEO-WB55-Nucleo has no document id list !
2023-08-11 14:11:47,673 [WARN] DbBoards:127 - board P-NUCLEO-WB55-USBDongle has no document id list !
2023-08-11 14:11:47,674 [WARN] DbBoards:127 - board STEVAL-BFA001V1B has no document id list !
2023-08-11 14:11:47,674 [WARN] DbBoards:127 - board STEVAL-BFA001V2B has no document id list !
2023-08-11 14:11:47,674 [WARN] DbBoards:127 - board STEVAL-IDP005V1 has no document id list !
2023-08-11 14:11:47,674 [WARN] DbBoards:127 - board STEVAL-IDP005V2 has no document id list !
2023-08-11 14:11:47,674 [WARN] DbBoards:127 - board STEVAL-MKSBOX1V1 has no document id list !
2023-08-11 14:11:47,674 [WARN] DbBoards:127 - board STEVAL-STWINKT1 has no document id list !
2023-08-11 14:11:47,674 [WARN] DbBoards:127 - board STEVAL-STWINKT1B has no document id list !
2023-08-11 14:11:47,675 [WARN] DbBoards:127 - board STM32439I-EVAL2 has no document id list !
2023-08-11 14:11:47,676 [WARN] DbBoards:127 - board STM32F401C-DISCO has no document id list !
2023-08-11 14:11:47,677 [WARN] DbBoards:127 - board STM32F769I-DISC1 has no document id list !
2023-08-11 14:11:47,678 [WARN] DbBoards:127 - board STM32G474E-EVAL1 has no document id list !
2023-08-11 14:11:47,678 [WARN] DbBoards:127 - board STM32H743I-EVAL2 has no document id list !
2023-08-11 14:11:47,679 [WARN] DbBoards:127 - board STM32H747I-DISC1 has no document id list !
2023-08-11 14:11:47,679 [WARN] DbBoards:127 - board STM32H753I-EVAL2 has no document id list !
2023-08-11 14:11:47,680 [WARN] DbBoards:127 - board STM32L-DISCOVERY has no document id list !
2023-08-11 14:11:47,835 [ERROR] DbBoards:189 - Image file not found for board B-L462E-CELL1: C:\ST\STM32CubeIDE_1.4.0\STM32CubeIDE\plugins\com.st.stm32cube.common.mx_6.0.0.202007160824\\db\/plugins/mcufinder/images/boards/B-L462E-CELL1_small.jpg
2023-08-11 14:11:47,941 [ERROR] DbBoards:189 - Image file not found for board B-U585I-IOT02A: C:\ST\STM32CubeIDE_1.4.0\STM32CubeIDE\plugins\com.st.stm32cube.common.mx_6.0.0.202007160824\\db\/plugins/mcufinder/images/boards/B-U585I-IOT02A_small.jpg
2023-08-11 14:11:48,058 [ERROR] DbBoards:189 - Image file not found for board NUCLEO-F413ZH: C:\ST\STM32CubeIDE_1.4.0\STM32CubeIDE\plugins\com.st.stm32cube.common.mx_6.0.0.202007160824\\db\/plugins/mcufinder/images/boards/nucleo-f413zh_small.jpg
2023-08-11 14:11:48,245 [ERROR] DbBoards:189 - Image file not found for board NUCLEO-L552ZE-Q: C:\ST\STM32CubeIDE_1.4.0\STM32CubeIDE\plugins\com.st.stm32cube.common.mx_6.0.0.202007160824\\db\/plugins/mcufinder/images/boards/nucleo_l552ze_q_small.jpg
2023-08-11 14:11:48,245 [ERROR] DbBoards:189 - Image file not found for board NUCLEO-U575ZI-Q: C:\ST\STM32CubeIDE_1.4.0\STM32CubeIDE\plugins\com.st.stm32cube.common.mx_6.0.0.202007160824\\db\/plugins/mcufinder/images/boards/nucleo-u575zi-q_small.jpg
2023-08-11 14:11:48,245 [ERROR] DbBoards:189 - Image file not found for board NUCLEO-WB15CC: C:\ST\STM32CubeIDE_1.4.0\STM32CubeIDE\plugins\com.st.stm32cube.common.mx_6.0.0.202007160824\\db\/plugins/mcufinder/images/boards/nucleo-wb15cc_small.jpg
2023-08-11 14:11:48,246 [ERROR] DbBoards:189 - Image file not found for board NUCLEO-WB55RG: C:\ST\STM32CubeIDE_1.4.0\STM32CubeIDE\plugins\com.st.stm32cube.common.mx_6.0.0.202007160824\\db\/plugins/mcufinder/images/boards/nucleo-wb55rg_small.jpg
2023-08-11 14:11:48,246 [ERROR] DbBoards:189 - Image file not found for board NUCLEO-WL55JC: C:\ST\STM32CubeIDE_1.4.0\STM32CubeIDE\plugins\com.st.stm32cube.common.mx_6.0.0.202007160824\\db\/plugins/mcufinder/images/boards/nucleo-wl55jc-small.jpg
2023-08-11 14:11:48,488 [ERROR] DbBoards:189 - Image file not found for board STEVAL-STWINKT1B: C:\ST\STM32CubeIDE_1.4.0\STM32CubeIDE\plugins\com.st.stm32cube.common.mx_6.0.0.202007160824\\db\/plugins/mcufinder/images/boards/steval-stwinkt1b_small.jpg
2023-08-11 14:11:48,928 [ERROR] DbBoards:189 - Image file not found for board STM32G0C1E-EV: C:\ST\STM32CubeIDE_1.4.0\STM32CubeIDE\plugins\com.st.stm32cube.common.mx_6.0.0.202007160824\\db\/plugins/mcufinder/images/boards/stm32g0c1e-eval_small.jpg
2023-08-11 14:11:49,010 [ERROR] DbBoards:189 - Image file not found for board STM32H7B3I-EVAL: C:\ST\STM32CubeIDE_1.4.0\STM32CubeIDE\plugins\com.st.stm32cube.common.mx_6.0.0.202007160824\\db\/plugins/mcufinder/images/boards/stm32h7b3ieval_small.jpg
2023-08-11 14:11:49,174 [ERROR] DbBoards:189 - Image file not found for board STM32U575I-EV: C:\ST\STM32CubeIDE_1.4.0\STM32CubeIDE\plugins\com.st.stm32cube.common.mx_6.0.0.202007160824\\db\/plugins/mcufinder/images/boards/stm32u575i-ev_small.jpg
2023-08-11 14:11:49,201 [ERROR] DbBoards:189 - Image file not found for board STM32WB5MM-DK: C:\ST\STM32CubeIDE_1.4.0\STM32CubeIDE\plugins\com.st.stm32cube.common.mx_6.0.0.202007160824\\db\/plugins/mcufinder/images/boards/STM32WB5MM-DK_small.jpg
2023-08-11 14:11:49,202 [INFO] ApiDb:201 - Load user favorites file C:\Users\XPRISTO/.stm32cubeide/favorites.boards.txt: 0 item(s)
2023-08-11 14:11:49,202 [INFO] ApiDb:205 - User favorites Boards=[]
2023-08-11 14:11:49,202 [INFO] DbBoards:206 - Set 0 / 0 favorites Boards
2023-08-11 14:12:09,927 [INFO] DbMcusDocs:145 - JSON generation date=Tue Nov 16 18:17:54 EET 2021 (1637079474)
2023-08-11 14:12:10,202 [INFO] DbMcusDocs:81 - Found 682 MCUs documents
2023-08-11 14:12:21,542 [INFO] RetryExec:97 - I/O exception (org.apache.http.NoHttpResponseException) caught when processing request to {s}->https://download.eclipse.org:443: The target server failed to respond
2023-08-11 14:12:21,544 [INFO] RetryExec:113 - Retrying request to {s}->https://download.eclipse.org:443
2023-08-11 14:12:22,441 [INFO] RetryExec:97 - I/O exception (org.apache.http.NoHttpResponseException) caught when processing request to {s}->https://archive.eclipse.org:443: The target server failed to respond
2023-08-11 14:12:22,441 [INFO] RetryExec:113 - Retrying request to {s}->https://archive.eclipse.org:443
2023-08-11 14:12:23,416 [INFO] RetryExec:97 - I/O exception (org.apache.http.NoHttpResponseException) caught when processing request to {s}->https://download.eclipse.org:443: The target server failed to respond
2023-08-11 14:12:23,417 [INFO] RetryExec:113 - Retrying request to {s}->https://download.eclipse.org:443
2023-08-11 14:12:31,982 [INFO] LogOutputStream:76 - [STDOUT_REDIRECT] withoutVersionV1.8.4
2023-08-11 14:12:31,982 [INFO] LogOutputStream:76 - [STDOUT_REDIRECT] withoutVersionV1.8.3
2023-08-11 14:12:31,983 [INFO] LogOutputStream:76 - [STDOUT_REDIRECT] withoutVersionV1.8.2
2023-08-11 14:12:31,983 [INFO] LogOutputStream:76 - [STDOUT_REDIRECT] withoutVersionV1.8.1
2023-08-11 14:12:31,983 [INFO] LogOutputStream:76 - [STDOUT_REDIRECT] withoutVersionV1.8.0
2023-08-11 14:12:41,048 [INFO] ApiDb:226 - Save user favorites file C:\Users\XPRISTO/.stm32cubeide/favorites.mcus.txt: 0 item(s)
2023-08-11 14:12:41,049 [INFO] ApiDb:230 - User favorites MCUs=[]
2023-08-11 17:31:59,865 [INFO] Activator:178 - 


2023-08-11 17:31:59,869 [INFO] Activator:179 - !SESSION log4j initialized
2023-08-11 17:33:13,365 [INFO] RetryExec:97 - I/O exception (org.apache.http.NoHttpResponseException) caught when processing request to {s}->https://download.eclipse.org:443: The target server failed to respond
2023-08-11 17:33:13,368 [INFO] RetryExec:113 - Retrying request to {s}->https://download.eclipse.org:443
2023-08-11 17:33:14,148 [INFO] RetryExec:97 - I/O exception (org.apache.http.NoHttpResponseException) caught when processing request to {s}->https://archive.eclipse.org:443: The target server failed to respond
2023-08-11 17:33:14,149 [INFO] RetryExec:113 - Retrying request to {s}->https://archive.eclipse.org:443
2023-08-11 17:33:15,114 [INFO] RetryExec:97 - I/O exception (org.apache.http.NoHttpResponseException) caught when processing request to {s}->https://download.eclipse.org:443: The target server failed to respond
2023-08-11 17:33:15,115 [INFO] RetryExec:113 - Retrying request to {s}->https://download.eclipse.org:443
2023-08-11 18:22:08,095 [INFO] Activator:178 - 


2023-08-11 18:22:08,098 [INFO] Activator:179 - !SESSION log4j initialized
2023-08-11 18:23:18,853 [INFO] RetryExec:97 - I/O exception (org.apache.http.NoHttpResponseException) caught when processing request to {s}->https://download.eclipse.org:443: The target server failed to respond
2023-08-11 18:23:18,856 [INFO] RetryExec:113 - Retrying request to {s}->https://download.eclipse.org:443
2023-08-11 18:23:19,652 [INFO] RetryExec:97 - I/O exception (org.apache.http.NoHttpResponseException) caught when processing request to {s}->https://archive.eclipse.org:443: The target server failed to respond
2023-08-11 18:23:19,652 [INFO] RetryExec:113 - Retrying request to {s}->https://archive.eclipse.org:443
2023-08-11 18:23:20,659 [INFO] RetryExec:97 - I/O exception (java.net.SocketException) caught when processing request to {s}->https://download.eclipse.org:443: Connection reset
2023-08-11 18:23:20,660 [INFO] RetryExec:113 - Retrying request to {s}->https://download.eclipse.org:443
2023-08-15 17:59:53,374 [INFO] Activator:178 - 


2023-08-15 17:59:53,380 [INFO] Activator:179 - !SESSION log4j initialized
2023-08-15 18:09:01,801 [INFO] RetryExec:97 - I/O exception (org.apache.http.NoHttpResponseException) caught when processing request to {s}->https://download.eclipse.org:443: The target server failed to respond
2023-08-15 18:09:01,805 [INFO] RetryExec:113 - Retrying request to {s}->https://download.eclipse.org:443
2023-08-24 11:56:18,871 [INFO] Activator:178 - 


2023-08-24 11:56:18,876 [INFO] Activator:179 - !SESSION log4j initialized
2023-08-24 11:57:29,328 [INFO] RetryExec:97 - I/O exception (org.apache.http.NoHttpResponseException) caught when processing request to {s}->https://download.eclipse.org:443: The target server failed to respond
2023-08-24 11:57:29,330 [INFO] RetryExec:113 - Retrying request to {s}->https://download.eclipse.org:443
2023-08-24 11:57:30,711 [INFO] RetryExec:97 - I/O exception (org.apache.http.NoHttpResponseException) caught when processing request to {s}->https://archive.eclipse.org:443: The target server failed to respond
2023-08-24 11:57:30,712 [INFO] RetryExec:113 - Retrying request to {s}->https://archive.eclipse.org:443
2023-08-24 15:53:03,998 [INFO] Activator:178 - 


2023-08-24 15:53:04,002 [INFO] Activator:179 - !SESSION log4j initialized
2023-08-24 15:54:11,682 [INFO] RetryExec:97 - I/O exception (org.apache.http.NoHttpResponseException) caught when processing request to {s}->https://download.eclipse.org:443: The target server failed to respond
2023-08-24 15:54:11,686 [INFO] RetryExec:113 - Retrying request to {s}->https://download.eclipse.org:443
2023-08-24 15:54:12,429 [INFO] RetryExec:97 - I/O exception (org.apache.http.NoHttpResponseException) caught when processing request to {s}->https://archive.eclipse.org:443: The target server failed to respond
2023-08-24 15:54:12,429 [INFO] RetryExec:113 - Retrying request to {s}->https://archive.eclipse.org:443
2023-08-25 10:23:09,311 [INFO] Activator:178 - 


2023-08-25 10:23:09,316 [INFO] Activator:179 - !SESSION log4j initialized
2023-08-25 10:24:28,067 [INFO] RetryExec:97 - I/O exception (org.apache.http.NoHttpResponseException) caught when processing request to {s}->https://download.eclipse.org:443: The target server failed to respond
2023-08-25 10:24:28,071 [INFO] RetryExec:113 - Retrying request to {s}->https://download.eclipse.org:443
2023-08-25 10:24:29,195 [INFO] RetryExec:97 - I/O exception (org.apache.http.NoHttpResponseException) caught when processing request to {s}->https://archive.eclipse.org:443: The target server failed to respond
2023-08-25 10:24:29,195 [INFO] RetryExec:113 - Retrying request to {s}->https://archive.eclipse.org:443
2023-08-25 10:24:30,558 [INFO] RetryExec:97 - I/O exception (org.apache.http.NoHttpResponseException) caught when processing request to {s}->https://download.eclipse.org:443: The target server failed to respond
2023-08-25 10:24:30,559 [INFO] RetryExec:113 - Retrying request to {s}->https://download.eclipse.org:443
2023-08-26 14:18:42,061 [INFO] Activator:178 - 


2023-08-26 14:18:42,069 [INFO] Activator:179 - !SESSION log4j initialized
2023-08-26 14:21:02,016 [INFO] RetryExec:97 - I/O exception (org.apache.http.NoHttpResponseException) caught when processing request to {s}->https://download.eclipse.org:443: The target server failed to respond
2023-08-26 14:21:02,027 [INFO] RetryExec:113 - Retrying request to {s}->https://download.eclipse.org:443
2023-08-26 14:21:03,198 [INFO] RetryExec:97 - I/O exception (org.apache.http.NoHttpResponseException) caught when processing request to {s}->https://archive.eclipse.org:443: The target server failed to respond
2023-08-26 14:21:03,198 [INFO] RetryExec:113 - Retrying request to {s}->https://archive.eclipse.org:443
2023-08-26 14:21:04,210 [INFO] RetryExec:97 - I/O exception (org.apache.http.NoHttpResponseException) caught when processing request to {s}->https://download.eclipse.org:443: The target server failed to respond
2023-08-26 14:21:04,211 [INFO] RetryExec:113 - Retrying request to {s}->https://download.eclipse.org:443
